<?xml version="1.0" encoding="UTF-8"?>
<coverage generated="1508490794">
  <project timestamp="1508490794">
    <package name="MSBios\Application\Controller">
      <file name="/Users/judzhin/Projects/_modules/msbios-application/src/Controller/IndexController.php">
        <class name="IndexController" namespace="MSBios\Application\Controller" fullPackage="MSBios" package="MSBios">
          <metrics complexity="1" methods="1" coveredmethods="1" conditionals="0" coveredconditionals="0" statements="1" coveredstatements="1" elements="2" coveredelements="2"/>
        </class>
        <line num="21" type="method" name="indexAction" visibility="public" complexity="1" crap="1" count="1"/>
        <line num="23" type="stmt" count="1"/>
        <metrics loc="25" ncloc="13" classes="1" methods="1" coveredmethods="1" conditionals="0" coveredconditionals="0" statements="1" coveredstatements="1" elements="2" coveredelements="2"/>
      </file>
    </package>
    <package name="MSBios\Application">
      <file name="/Users/judzhin/Projects/_modules/msbios-application/src/Module.php">
        <class name="Module" namespace="MSBios\Application" fullPackage="MSBios" package="MSBios">
          <metrics complexity="2" methods="2" coveredmethods="2" conditionals="0" coveredconditionals="0" statements="2" coveredstatements="2" elements="4" coveredelements="4"/>
        </class>
        <line num="21" type="method" name="getConfig" visibility="public" complexity="1" crap="1" count="1"/>
        <line num="23" type="stmt" count="1"/>
        <line num="31" type="method" name="getAutoloaderConfig" visibility="public" complexity="1" crap="1" count="2"/>
        <line num="34" type="stmt" count="2"/>
        <metrics loc="41" ncloc="28" classes="1" methods="2" coveredmethods="2" conditionals="0" coveredconditionals="0" statements="2" coveredstatements="2" elements="4" coveredelements="4"/>
      </file>
    </package>
    <package name="MSBios\Application\Widget">
      <file name="/Users/judzhin/Projects/_modules/msbios-application/src/Widget/FollowDevelopmentWidget.php">
        <class name="FollowDevelopmentWidget" namespace="MSBios\Application\Widget" fullPackage="MSBios" package="MSBios">
          <metrics complexity="1" methods="1" coveredmethods="1" conditionals="0" coveredconditionals="0" statements="1" coveredstatements="1" elements="2" coveredelements="2"/>
        </class>
        <line num="21" type="method" name="output" visibility="public" complexity="1" crap="1" count="1"/>
        <line num="23" type="stmt" count="1"/>
        <metrics loc="25" ncloc="13" classes="1" methods="1" coveredmethods="1" conditionals="0" coveredconditionals="0" statements="1" coveredstatements="1" elements="2" coveredelements="2"/>
      </file>
    </package>
    <metrics files="3" loc="91" ncloc="54" classes="3" methods="4" coveredmethods="4" conditionals="0" coveredconditionals="0" statements="4" coveredstatements="4" elements="8" coveredelements="8"/>
  </project>
</coverage>
